<?xml version="1.0" encoding="UTF-8"?>
<testng-results ignored="0" total="2" passed="2" failed="0" skipped="0">
  <reporter-output>
  </reporter-output>
  <suite started-at="2023-03-06T12:25:18 IST" name="Default suite" finished-at="2023-03-06T12:25:18 IST" duration-ms="406">
    <groups>
      <group name="SmokeTest">
        <method signature="A2.m2()[pri:0, instance:Demo.A2@2ef3eef9]" name="m2" class="Demo.A2"/>
      </group> <!-- SmokeTest -->
      <group name="RegressionTest">
        <method signature="A2.m2()[pri:0, instance:Demo.A2@2ef3eef9]" name="m2" class="Demo.A2"/>
      </group> <!-- RegressionTest -->
    </groups>
    <test started-at="2023-03-06T12:25:18 IST" name="Default test" finished-at="2023-03-06T12:25:18 IST" duration-ms="406">
      <class name="Demo.A2">
        <test-method signature="m2()[pri:0, instance:Demo.A2@2ef3eef9]" started-at="2023-03-06T12:25:18 IST" name="m2" finished-at="2023-03-06T12:25:18 IST" duration-ms="82" status="PASS">
          <reporter-output>
          </reporter-output>
        </test-method> <!-- m2 -->
        <test-method signature="m3()[pri:0, instance:Demo.A2@2ef3eef9]" started-at="2023-03-06T12:25:18 IST" name="m3" finished-at="2023-03-06T12:25:18 IST" duration-ms="25" status="PASS">
          <reporter-output>
          </reporter-output>
        </test-method> <!-- m3 -->
      </class> <!-- Demo.A2 -->
    </test> <!-- Default test -->
  </suite> <!-- Default suite -->
</testng-results>
